#-----------------------------------------------------------
# Vivado v2015.4 (64-bit)
# SW Build 1412921 on Wed Nov 18 09:44:32 MST 2015
# IP Build 1412160 on Tue Nov 17 13:47:24 MST 2015
# Start of session at: Tue Mar  8 00:22:15 2016
# Process ID: 2857
# Current directory: /home/naz/Desktop/Embedded/Embedded_Lab2
# Command line: vivado
# Log file: /home/naz/Desktop/Embedded/Embedded_Lab2/vivado.log
# Journal file: /home/naz/Desktop/Embedded/Embedded_Lab2/vivado.jou
#-----------------------------------------------------------
start_gui
create_project lab2_simple_arm /home/naz/Desktop/Embedded/Embedded_Lab2/lab2_simple_arm -part xc7z020clg484-1
INFO: [IP_Flow 19-234] Refreshing IP repositories
INFO: [IP_Flow 19-1704] No user IP repositories specified
INFO: [IP_Flow 19-2313] Loaded Vivado IP repository '/opt/Xilinx/Vivado/2015.4/data/ip'.
create_project: Time (s): cpu = 00:00:11 ; elapsed = 00:00:15 . Memory (MB): peak = 5617.770 ; gain = 22.801 ; free physical = 15 ; free virtual = 2815
set_property board_part em.avnet.com:zed:part0:1.3 [current_project]
set_property simulator_language Verilog [current_project]
create_bd_design "my_design_1"
Wrote  : </home/naz/Desktop/Embedded/Embedded_Lab2/lab2_simple_arm/lab2_simple_arm.srcs/sources_1/bd/my_design_1/my_design_1.bd> 
create_bd_design: Time (s): cpu = 00:00:05 ; elapsed = 00:00:07 . Memory (MB): peak = 5640.504 ; gain = 20.504 ; free physical = 16 ; free virtual = 2784
startgroup
create_bd_cell -type ip -vlnv xilinx.com:ip:processing_system7:5.5 processing_system7_0
create_bd_cell: Time (s): cpu = 00:00:04 ; elapsed = 00:00:09 . Memory (MB): peak = 5690.551 ; gain = 40.883 ; free physical = 18 ; free virtual = 2726
endgroup
apply_bd_automation -rule xilinx.com:bd_rule:processing_system7 -config {make_external "FIXED_IO, DDR" apply_board_preset "1" Master "Disable" Slave "Disable" }  [get_bd_cells processing_system7_0]
apply_bd_automation: Time (s): cpu = 00:00:07 ; elapsed = 00:00:08 . Memory (MB): peak = 5718.148 ; gain = 18.000 ; free physical = 16 ; free virtual = 2710
